<?xml version="1.0" encoding="utf-8"?><testsuites name="pytest tests"><testsuite name="pytest" errors="0" failures="0" skipped="0" tests="29" time="13.137" timestamp="2026-03-27T11:40:22.423171+01:00" hostname="PC-KOOREO-AMINE"><testcase classname="tests.integration.test_health.TestHealth" name="test_docs_swagger_accessible" time="0.302" /><testcase classname="tests.integration.test_e2e_flow" name="test_full_flow_e2e" time="0.405" /><testcase classname="tests.integration.test_faker_products.TestProductsAvecFaker" name="test_validation_prix[0.0-True]" time="0.319" /><testcase classname="tests.integration.test_cart_order_api" name="test_get_commande_par_id" time="0.460" /><testcase classname="tests.integration.test_faker_products.TestProductsAvecFaker" name="test_noms_longs" time="0.382" /><testcase classname="tests.integration.test_faker_products.TestProductsAvecFaker" name="test_creation_donnees_faker" time="0.362" /><testcase classname="tests.integration.test_cart_order_api" name="test_coupon_inexistant_retourne_404" time="0.421" /><testcase classname="tests.integration.test_faker_products.TestProductsAvecFaker" name="test_validation_prix[9999.99-False]" time="0.401" /><testcase classname="tests.integration.test_cart_order_api" name="test_cart_then_order_with_coupon" time="0.465" /><testcase classname="tests.integration.test_health.TestHealth" name="test_openapi_json_accessible" time="0.407" /><testcase classname="tests.integration.test_faker_products.TestProductsAvecFaker" name="test_validation_prix[-1.0-True]" time="0.347" /><testcase classname="tests.integration.test_cart_order_api" name="test_transition_statut_commande" time="0.477" /><testcase classname="tests.integration.test_health.TestHealth" name="test_root_accessible" time="0.353" /><testcase classname="tests.integration.test_faker_products.TestProductsAvecFaker" name="test_validation_prix[0.01-False]" time="0.386" /><testcase classname="tests.integration.test_health.TestHealth" name="test_health_ok" time="0.384" /><testcase classname="tests.integration.test_products_api.TestCreateUpdateDeleteProduct" name="test_creation_valide" time="0.190" /><testcase classname="tests.integration.test_products_api.TestCreateUpdateDeleteProduct" name="test_creation_prix_negatif_422" time="0.050" /><testcase classname="tests.integration.test_products_api.TestGetProduct" name="test_get_produit_existant" time="0.080" /><testcase classname="tests.integration.test_products_api.TestCreateUpdateDeleteProduct" name="test_suppression_soft_delete" time="0.126" /><testcase classname="tests.integration.test_products_api.TestCreateUpdateDeleteProduct" name="test_creation_stock_negatif_422" time="0.067" /><testcase classname="tests.integration.test_products_api.TestListProducts" name="test_produit_cree_apparait_dans_liste" time="0.078" /><testcase classname="tests.integration.test_faker_products.TestProductsAvecFaker" name="test_liste_avec_multiple_produits" time="0.477" /><testcase classname="tests.integration.test_products_api.TestListProducts" name="test_filtre_prix_min_max" time="0.185" /><testcase classname="tests.integration.test_products_api.TestCreateUpdateDeleteProduct" name="test_creation_nom_vide_422" time="0.130" /><testcase classname="tests.integration.test_products_api.TestCreateUpdateDeleteProduct" name="test_mise_a_jour_prix" time="0.206" /><testcase classname="tests.integration.test_products_api.TestListProducts" name="test_liste_vide_au_demarrage" time="0.075" /><testcase classname="tests.integration.test_products_api.TestListProducts" name="test_pagination_limit" time="0.099" /><testcase classname="tests.integration.test_products_api.TestListProducts" name="test_filtre_par_categorie" time="0.213" /><testcase classname="tests.integration.test_products_api.TestGetProduct" name="test_get_produit_inexistant_retourne_404" time="0.184" /></testsuite></testsuites>