<?xml version="1.0" encoding="utf-8"?><testsuites name="pytest tests"><testsuite name="pytest" errors="0" failures="0" skipped="0" tests="13" time="9.315" timestamp="2026-03-25T15:14:50.459302+01:00" hostname="PC-KOOREO-AMINE"><testcase classname="tests.unit.test_pricing" name="test_calcul_prix_ttc_negative" time="0.269" /><testcase classname="tests.unit.test_pricing" name="test_calcul_prix_ttc_ok[100-120.0]" time="0.270" /><testcase classname="tests.unit.test_pricing" name="test_calculer_total_with_coupon" time="0.287" /><testcase classname="tests.unit.test_coupon" name="test_coupon_50_percent_refused" time="0.291" /><testcase classname="tests.unit.test_pricing" name="test_appliquer_coupon_normal" time="0.293" /><testcase classname="tests.unit.test_pricing" name="test_calculer_total_empty" time="0.278" /><testcase classname="tests.unit.test_pricing" name="test_appliquer_coupon_invalid_reduction" time="0.294" /><testcase classname="tests.unit.test_pricing" name="test_calculer_total_with_products" time="0.295" /><testcase classname="tests.unit.test_pricing" name="test_appliquer_coupon_inactif" time="0.297" /><testcase classname="tests.unit.test_pricing" name="test_calcul_prix_ttc_ok[0-0.0]" time="0.282" /><testcase classname="tests.integration.test_cart_order_api" name="test_cart_then_order_with_coupon" time="0.378" /><testcase classname="tests.integration.test_products_api" name="test_products_post_then_get" time="0.333" /><testcase classname="tests.integration.test_e2e_flow" name="test_full_flow_e2e" time="0.377" /></testsuite></testsuites>